<?xml version="1.0" encoding="UTF-8"?>
<!-- Generated by org.testng.reporters.JUnitReportReporter -->
<testsuite skipped="0" hostname="LAPTOP-6KJM05SQ" name="com.api.DesignPattern_RG.DemoTest" tests="2" failures="0" timestamp="18 Aug 2021 14:23:34 GMT" time="10.099" errors="0">
  <testcase name="flightTest" time="6.486" classname="com.api.DesignPattern_RG.DemoTest"/>
  <testcase name="flightTest" time="3.613" classname="com.api.DesignPattern_RG.DemoTest"/>
</testsuite> <!-- com.api.DesignPattern_RG.DemoTest -->
